# JRE version: OpenJDK Runtime Environment (8.0_212-b04) (build 1.8.0_212-release-1586-b04)
# Java VM: OpenJDK 64-Bit Server VM (25.212-b04 mixed mode windows-amd64 compressed oops)
Heap:
 PSYoungGen      total 500736K, used 251652K [0x00000000e0000000, 0x0000000100000000, 0x0000000100000000)
  eden space 477184K, 47% used [0x00000000e0000000,0x00000000edec1ea0,0x00000000fd200000)
  from space 23552K, 99% used [0x00000000fd200000,0x00000000fe8ff1c8,0x00000000fe900000)
  to   space 23552K, 0% used [0x00000000fe900000,0x00000000fe900000,0x0000000100000000)
 ParOldGen       total 226304K, used 67745K [0x00000000a0000000, 0x00000000add00000, 0x00000000e0000000)
  object space 226304K, 29% used [0x00000000a0000000,0x00000000a4228680,0x00000000add00000)
 Metaspace       used 92044K, capacity 96110K, committed 96128K, reserved 1132544K
  class space    used 11785K, capacity 12670K, committed 12672K, reserved 1048576K
GC Heap History (10 events):
Event: 29.432 GC heap before
{Heap before GC invocations=18 (full 3):
 PSYoungGen      total 394752K, used 15840K [0x00000000e0000000, 0x00000000fd980000, 0x0000000100000000)
  eden space 378880K, 0% used [0x00000000e0000000,0x00000000e0000000,0x00000000f7200000)
  from space 15872K, 99% used [0x00000000f7200000,0x00000000f81780d0,0x00000000f8180000)
  to   space 18432K, 0% used [0x00000000fc780000,0x00000000fc780000,0x00000000fd980000)
 ParOldGen       total 145920K, used 27008K [0x00000000a0000000, 0x00000000a8e80000, 0x00000000e0000000)
  object space 145920K, 18% used [0x00000000a0000000,0x00000000a1a603b8,0x00000000a8e80000)
 Metaspace       used 57404K, capacity 58890K, committed 59136K, reserved 1101824K
  class space    used 7289K, capacity 7651K, committed 7680K, reserved 1048576K
Event: 29.626 GC heap after
Heap after GC invocations=18 (full 3):
 PSYoungGen      total 394752K, used 0K [0x00000000e0000000, 0x00000000fd980000, 0x0000000100000000)
  eden space 378880K, 0% used [0x00000000e0000000,0x00000000e0000000,0x00000000f7200000)
  from space 15872K, 0% used [0x00000000f7200000,0x00000000f7200000,0x00000000f8180000)
  to   space 18432K, 0% used [0x00000000fc780000,0x00000000fc780000,0x00000000fd980000)
 ParOldGen       total 226304K, used 37335K [0x00000000a0000000, 0x00000000add00000, 0x00000000e0000000)
  object space 226304K, 16% used [0x00000000a0000000,0x00000000a2475d10,0x00000000add00000)
 Metaspace       used 57306K, capacity 58680K, committed 59136K, reserved 1101824K
  class space    used 7263K, capacity 7589K, committed 7680K, reserved 1048576K
}
Event: 43.282 GC heap before
{Heap before GC invocations=19 (full 3):
 PSYoungGen      total 394752K, used 378880K [0x00000000e0000000, 0x00000000fd980000, 0x0000000100000000)
  eden space 378880K, 100% used [0x00000000e0000000,0x00000000f7200000,0x00000000f7200000)
  from space 15872K, 0% used [0x00000000f7200000,0x00000000f7200000,0x00000000f8180000)
  to   space 18432K, 0% used [0x00000000fc780000,0x00000000fc780000,0x00000000fd980000)
 ParOldGen       total 226304K, used 37335K [0x00000000a0000000, 0x00000000add00000, 0x00000000e0000000)
  object space 226304K, 16% used [0x00000000a0000000,0x00000000a2475d10,0x00000000add00000)
 Metaspace       used 67440K, capacity 69604K, committed 69888K, reserved 1110016K
  class space    used 8888K, capacity 9401K, committed 9472K, reserved 1048576K
Event: 43.306 GC heap after
Heap after GC invocations=19 (full 3):
 PSYoungGen      total 456192K, used 18429K [0x00000000e0000000, 0x00000000fd980000, 0x0000000100000000)
  eden space 437760K, 0% used [0x00000000e0000000,0x00000000e0000000,0x00000000fab80000)
  from space 18432K, 99% used [0x00000000fc780000,0x00000000fd97f718,0x00000000fd980000)
  to   space 22016K, 0% used [0x00000000fae80000,0x00000000fae80000,0x00000000fc400000)
 ParOldGen       total 226304K, used 38858K [0x00000000a0000000, 0x00000000add00000, 0x00000000e0000000)
  object space 226304K, 17% used [0x00000000a0000000,0x00000000a25f2908,0x00000000add00000)
 Metaspace       used 67440K, capacity 69604K, committed 69888K, reserved 1110016K
  class space    used 8888K, capacity 9401K, committed 9472K, reserved 1048576K
}
Event: 50.870 GC heap before
{Heap before GC invocations=20 (full 3):
 PSYoungGen      total 456192K, used 456189K [0x00000000e0000000, 0x00000000fd980000, 0x0000000100000000)
  eden space 437760K, 100% used [0x00000000e0000000,0x00000000fab80000,0x00000000fab80000)
  from space 18432K, 99% used [0x00000000fc780000,0x00000000fd97f718,0x00000000fd980000)
  to   space 22016K, 0% used [0x00000000fae80000,0x00000000fae80000,0x00000000fc400000)
 ParOldGen       total 226304K, used 38858K [0x00000000a0000000, 0x00000000add00000, 0x00000000e0000000)
  object space 226304K, 17% used [0x00000000a0000000,0x00000000a25f2908,0x00000000add00000)
 Metaspace       used 75443K, capacity 78032K, committed 78080K, reserved 1116160K
  class space    used 9936K, capacity 10477K, committed 10496K, reserved 1048576K
Event: 50.887 GC heap after
Heap after GC invocations=20 (full 3):
 PSYoungGen      total 462848K, used 10751K [0x00000000e0000000, 0x00000000ffd80000, 0x0000000100000000)
  eden space 440832K, 0% used [0x00000000e0000000,0x00000000e0000000,0x00000000fae80000)
  from space 22016K, 48% used [0x00000000fae80000,0x00000000fb8fffa8,0x00000000fc400000)
  to   space 20992K, 0% used [0x00000000fe900000,0x00000000fe900000,0x00000000ffd80000)
 ParOldGen       total 226304K, used 51906K [0x00000000a0000000, 0x00000000add00000, 0x00000000e0000000)
  object space 226304K, 22% used [0x00000000a0000000,0x00000000a32b09a8,0x00000000add00000)
 Metaspace       used 75443K, capacity 78032K, committed 78080K, reserved 1116160K
  class space    used 9936K, capacity 10477K, committed 10496K, reserved 1048576K
}
Event: 57.752 GC heap before
{Heap before GC invocations=21 (full 3):
 PSYoungGen      total 462848K, used 451583K [0x00000000e0000000, 0x00000000ffd80000, 0x0000000100000000)
  eden space 440832K, 100% used [0x00000000e0000000,0x00000000fae80000,0x00000000fae80000)
  from space 22016K, 48% used [0x00000000fae80000,0x00000000fb8fffa8,0x00000000fc400000)
  to   space 20992K, 0% used [0x00000000fe900000,0x00000000fe900000,0x00000000ffd80000)
 ParOldGen       total 226304K, used 51906K [0x00000000a0000000, 0x00000000add00000, 0x00000000e0000000)
  object space 226304K, 22% used [0x00000000a0000000,0x00000000a32b09a8,0x00000000add00000)
 Metaspace       used 78299K, capacity 81308K, committed 81536K, reserved 1120256K
  class space    used 10205K, capacity 10857K, committed 10880K, reserved 1048576K
Event: 57.772 GC heap after
Heap after GC invocations=21 (full 3):
 PSYoungGen      total 498176K, used 19199K [0x00000000e0000000, 0x0000000100000000, 0x0000000100000000)
  eden space 477184K, 0% used [0x00000000e0000000,0x00000000e0000000,0x00000000fd200000)
  from space 20992K, 91% used [0x00000000fe900000,0x00000000ffbbff98,0x00000000ffd80000)
  to   space 23552K, 0% used [0x00000000fd200000,0x00000000fd200000,0x00000000fe900000)
 ParOldGen       total 226304K, used 51914K [0x00000000a0000000, 0x00000000add00000, 0x00000000e0000000)
  object space 226304K, 22% used [0x00000000a0000000,0x00000000a32b29a8,0x00000000add00000)
 Metaspace       used 78299K, capacity 81308K, committed 81536K, reserved 1120256K
  class space    used 10205K, capacity 10857K, committed 10880K, reserved 1048576K
}
Event: 94.219 GC heap before
{Heap before GC invocations=22 (full 3):
 PSYoungGen      total 498176K, used 496383K [0x00000000e0000000, 0x0000000100000000, 0x0000000100000000)
  eden space 477184K, 100% used [0x00000000e0000000,0x00000000fd200000,0x00000000fd200000)
  from space 20992K, 91% used [0x00000000fe900000,0x00000000ffbbff98,0x00000000ffd80000)
  to   space 23552K, 0% used [0x00000000fd200000,0x00000000fd200000,0x00000000fe900000)
 ParOldGen       total 226304K, used 51914K [0x00000000a0000000, 0x00000000add00000, 0x00000000e0000000)
  object space 226304K, 22% used [0x00000000a0000000,0x00000000a32b29a8,0x00000000add00000)
 Metaspace       used 83323K, capacity 86836K, committed 87040K, reserved 1124352K
  class space    used 10658K, capacity 11414K, committed 11520K, reserved 1048576K
Event: 94.261 GC heap after
Heap after GC invocations=22 (full 3):
 PSYoungGen      total 500736K, used 23548K [0x00000000e0000000, 0x0000000100000000, 0x0000000100000000)
  eden space 477184K, 0% used [0x00000000e0000000,0x00000000e0000000,0x00000000fd200000)
  from space 23552K, 99% used [0x00000000fd200000,0x00000000fe8ff1c8,0x00000000fe900000)
  to   space 23552K, 0% used [0x00000000fe900000,0x00000000fe900000,0x0000000100000000)
 ParOldGen       total 226304K, used 67745K [0x00000000a0000000, 0x00000000add00000, 0x00000000e0000000)
  object space 226304K, 29% used [0x00000000a0000000,0x00000000a4228680,0x00000000add00000)
 Metaspace       used 83323K, capacity 86836K, committed 87040K, reserved 1124352K
  class space    used 10658K, capacity 11414K, committed 11520K, reserved 1048576K
}

